
**** Build of configuration Debug for project uartecho_MSP_EXP432E401Y_nortos_ccs ****

/home/steve0gillet/ti/ccs1200/ccs/utils/bin/gmake -k -j 12 all -O 
 
Building file: "../udpEcho.c"
Invoking: Arm Compiler
"/home/steve0gillet/ti/ccs1200/ccs/tools/compiler/ti-cgt-arm_20.2.7.LTS/bin/armcl" -mv7M4 --code_state=16 --float_support=FPv4SPD16 -me --include_path="/home/steve0gillet/workspace_v12/uartecho_MSP_EXP432E401Y_nortos_ccs" --include_path="/home/steve0gillet/workspace_v12/uartecho_MSP_EXP432E401Y_nortos_ccs/Debug" --include_path="/home/steve0gillet/ti/simplelink_msp432e4_sdk_4_20_00_12/source" --include_path="/home/steve0gillet/ti/simplelink_msp432e4_sdk_4_20_00_12/source/third_party/CMSIS/Include" --include_path="/home/steve0gillet/ti/simplelink_msp432e4_sdk_4_20_00_12/kernel/nortos" --include_path="/home/steve0gillet/ti/simplelink_msp432e4_sdk_4_20_00_12/kernel/nortos/posix" --include_path="/home/steve0gillet/ti/ccs1200/ccs/tools/compiler/ti-cgt-arm_20.2.7.LTS/include" --advice:power=none -g --diag_warning=225 --diag_warning=255 --diag_wrap=off --display_error_number --gen_func_subsections=on --preproc_with_compile --preproc_dependency="udpEcho.d_raw" --include_path="/home/steve0gillet/workspace_v12/uartecho_MSP_EXP432E401Y_nortos_ccs/Debug/syscfg"  "../udpEcho.c"
 
>> Compilation failure
subdir_rules.mk:7: recipe for target 'udpEcho.obj' failed
"../udpEcho.c", line 42: fatal error #1965: cannot open source file "pthread.h"
1 catastrophic error detected in the compilation of "../udpEcho.c".
Compilation terminated.
gmake: *** [udpEcho.obj] Error 1
"../udpEchoHooks.c", line 41: fatal error #1965: cannot open source file "pthread.h"
1 catastrophic error detected in the compilation of "../udpEchoHooks.c".
Compilation terminated.
gmake: *** [udpEchoHooks.obj] Error 1
"../uartecho.c", line 14: fatal error #1965: cannot open source file "pthread.h"
1 catastrophic error detected in the compilation of "../uartecho.c".
Compilation terminated.
gmake: *** [uartecho.obj] Error 1
Building file: "../udpEchoHooks.c"
Invoking: Arm Compiler
"/home/steve0gillet/ti/ccs1200/ccs/tools/compiler/ti-cgt-arm_20.2.7.LTS/bin/armcl" -mv7M4 --code_state=16 --float_support=FPv4SPD16 -me --include_path="/home/steve0gillet/workspace_v12/uartecho_MSP_EXP432E401Y_nortos_ccs" --include_path="/home/steve0gillet/workspace_v12/uartecho_MSP_EXP432E401Y_nortos_ccs/Debug" --include_path="/home/steve0gillet/ti/simplelink_msp432e4_sdk_4_20_00_12/source" --include_path="/home/steve0gillet/ti/simplelink_msp432e4_sdk_4_20_00_12/source/third_party/CMSIS/Include" --include_path="/home/steve0gillet/ti/simplelink_msp432e4_sdk_4_20_00_12/kernel/nortos" --include_path="/home/steve0gillet/ti/simplelink_msp432e4_sdk_4_20_00_12/kernel/nortos/posix" --include_path="/home/steve0gillet/ti/ccs1200/ccs/tools/compiler/ti-cgt-arm_20.2.7.LTS/include" --advice:power=none -g --diag_warning=225 --diag_warning=255 --diag_wrap=off --display_error_number --gen_func_subsections=on --preproc_with_compile --preproc_dependency="udpEchoHooks.d_raw" --include_path="/home/steve0gillet/workspace_v12/uartecho_MSP_EXP432E401Y_nortos_ccs/Debug/syscfg"  "../udpEchoHooks.c"
 
>> Compilation failure
subdir_rules.mk:7: recipe for target 'udpEchoHooks.obj' failed
Building file: "../uartecho.c"
Invoking: Arm Compiler
"/home/steve0gillet/ti/ccs1200/ccs/tools/compiler/ti-cgt-arm_20.2.7.LTS/bin/armcl" -mv7M4 --code_state=16 --float_support=FPv4SPD16 -me --include_path="/home/steve0gillet/workspace_v12/uartecho_MSP_EXP432E401Y_nortos_ccs" --include_path="/home/steve0gillet/workspace_v12/uartecho_MSP_EXP432E401Y_nortos_ccs/Debug" --include_path="/home/steve0gillet/ti/simplelink_msp432e4_sdk_4_20_00_12/source" --include_path="/home/steve0gillet/ti/simplelink_msp432e4_sdk_4_20_00_12/source/third_party/CMSIS/Include" --include_path="/home/steve0gillet/ti/simplelink_msp432e4_sdk_4_20_00_12/kernel/nortos" --include_path="/home/steve0gillet/ti/simplelink_msp432e4_sdk_4_20_00_12/kernel/nortos/posix" --include_path="/home/steve0gillet/ti/ccs1200/ccs/tools/compiler/ti-cgt-arm_20.2.7.LTS/include" --advice:power=none -g --diag_warning=225 --diag_warning=255 --diag_wrap=off --display_error_number --gen_func_subsections=on --preproc_with_compile --preproc_dependency="uartecho.d_raw" --include_path="/home/steve0gillet/workspace_v12/uartecho_MSP_EXP432E401Y_nortos_ccs/Debug/syscfg"  "../uartecho.c"
 
>> Compilation failure
subdir_rules.mk:7: recipe for target 'uartecho.obj' failed
gmake: Target 'all' not remade because of errors.

**** Build Finished ****
